The system is: Linux - 3.10.0-327.36.3.el7.x86_64 - x86_64
Compiling the CXX compiler identification source file "CMakeCXXCompilerId.cpp" succeeded.
Compiler: /opt/apps/gcc/5.2.0/bin/g++ 
Build flags: ;-march=native;-fopenmp
Id flags: 

The output was:
0


Compilation of the CXX compiler identification source "CMakeCXXCompilerId.cpp" produced "a.out"

The CXX compiler identification is GNU, found in "/home/akumar1/newriver/reduced_scaling/fvno/CMakeFiles/3.7.2/CompilerIdCXX/a.out"

Determining if the CXX compiler works passed with the following output:
Change Dir: /home/akumar1/newriver/reduced_scaling/fvno/CMakeFiles/CMakeTmp

Run Build Command:"/usr/bin/gmake" "cmTC_57f2c/fast"
/usr/bin/gmake -f CMakeFiles/cmTC_57f2c.dir/build.make CMakeFiles/cmTC_57f2c.dir/build
gmake[1]: Entering directory `/home/akumar1/newriver/reduced_scaling/fvno/CMakeFiles/CMakeTmp'
Building CXX object CMakeFiles/cmTC_57f2c.dir/testCXXCompiler.cxx.o
/opt/apps/gcc/5.2.0/bin/g++     -march=native -fopenmp    -o CMakeFiles/cmTC_57f2c.dir/testCXXCompiler.cxx.o -c /home/akumar1/newriver/reduced_scaling/fvno/CMakeFiles/CMakeTmp/testCXXCompiler.cxx
Linking CXX executable cmTC_57f2c
/opt/apps/cmake/3.7.2/bin/cmake -E cmake_link_script CMakeFiles/cmTC_57f2c.dir/link.txt --verbose=1
/opt/apps/gcc/5.2.0/bin/g++    -march=native -fopenmp     CMakeFiles/cmTC_57f2c.dir/testCXXCompiler.cxx.o  -o cmTC_57f2c -rdynamic 
gmake[1]: Leaving directory `/home/akumar1/newriver/reduced_scaling/fvno/CMakeFiles/CMakeTmp'


Detecting CXX compiler ABI info compiled with the following output:
Change Dir: /home/akumar1/newriver/reduced_scaling/fvno/CMakeFiles/CMakeTmp

Run Build Command:"/usr/bin/gmake" "cmTC_cd376/fast"
/usr/bin/gmake -f CMakeFiles/cmTC_cd376.dir/build.make CMakeFiles/cmTC_cd376.dir/build
gmake[1]: Entering directory `/home/akumar1/newriver/reduced_scaling/fvno/CMakeFiles/CMakeTmp'
Building CXX object CMakeFiles/cmTC_cd376.dir/CMakeCXXCompilerABI.cpp.o
/opt/apps/gcc/5.2.0/bin/g++     -march=native -fopenmp    -o CMakeFiles/cmTC_cd376.dir/CMakeCXXCompilerABI.cpp.o -c /opt/apps/cmake/3.7.2/share/cmake-3.7/Modules/CMakeCXXCompilerABI.cpp
Linking CXX executable cmTC_cd376
/opt/apps/cmake/3.7.2/bin/cmake -E cmake_link_script CMakeFiles/cmTC_cd376.dir/link.txt --verbose=1
/opt/apps/gcc/5.2.0/bin/g++    -march=native -fopenmp    -v CMakeFiles/cmTC_cd376.dir/CMakeCXXCompilerABI.cpp.o  -o cmTC_cd376 -rdynamic  
Using built-in specs.
COLLECT_GCC=/opt/apps/gcc/5.2.0/bin/g++
COLLECT_LTO_WRAPPER=/opt/apps/gcc/5.2.0/libexec/gcc/x86_64-unknown-linux-gnu/5.2.0/lto-wrapper
Target: x86_64-unknown-linux-gnu
Configured with: ./../configure --prefix=/opt/apps/gcc/5.2.0 --enable-bootstrap --enable-checking=release --enable-__cxa_atexit --enable-languages=c,c++,fortran,go --enable-shared --with-system-zlib --disable-multilib --with-arch=haswell --with-fpmath=avx --with-mtune=haswell
Thread model: posix
gcc version 5.2.0 (GCC) 
COMPILER_PATH=/opt/apps/gcc/5.2.0/libexec/gcc/x86_64-unknown-linux-gnu/5.2.0/:/opt/apps/gcc/5.2.0/libexec/gcc/x86_64-unknown-linux-gnu/5.2.0/:/opt/apps/gcc/5.2.0/libexec/gcc/x86_64-unknown-linux-gnu/:/opt/apps/gcc/5.2.0/lib/gcc/x86_64-unknown-linux-gnu/5.2.0/:/opt/apps/gcc/5.2.0/lib/gcc/x86_64-unknown-linux-gnu/
LIBRARY_PATH=/opt/apps/gcc/5.2.0/lib/gcc/x86_64-unknown-linux-gnu/5.2.0/:/opt/apps/gcc/5.2.0/lib/gcc/x86_64-unknown-linux-gnu/5.2.0/../../../../lib64/:/lib/../lib64/:/usr/lib/../lib64/:/opt/apps/gcc/5.2.0/lib/gcc/x86_64-unknown-linux-gnu/5.2.0/../../../:/lib/:/usr/lib/
Reading specs from /opt/apps/gcc/5.2.0/lib/gcc/x86_64-unknown-linux-gnu/5.2.0/../../../../lib64/libgomp.spec
COLLECT_GCC_OPTIONS='-march=native' '-fopenmp' '-v' '-o' 'cmTC_cd376' '-rdynamic' '-shared-libgcc' '-pthread'
 /opt/apps/gcc/5.2.0/libexec/gcc/x86_64-unknown-linux-gnu/5.2.0/collect2 -plugin /opt/apps/gcc/5.2.0/libexec/gcc/x86_64-unknown-linux-gnu/5.2.0/liblto_plugin.so -plugin-opt=/opt/apps/gcc/5.2.0/libexec/gcc/x86_64-unknown-linux-gnu/5.2.0/lto-wrapper -plugin-opt=-fresolution=/tmp/ccTdDf10.res -plugin-opt=-pass-through=-lgcc_s -plugin-opt=-pass-through=-lgcc -plugin-opt=-pass-through=-lpthread -plugin-opt=-pass-through=-lc -plugin-opt=-pass-through=-lgcc_s -plugin-opt=-pass-through=-lgcc --eh-frame-hdr -m elf_x86_64 -export-dynamic -dynamic-linker /lib64/ld-linux-x86-64.so.2 -o cmTC_cd376 /lib/../lib64/crt1.o /lib/../lib64/crti.o /opt/apps/gcc/5.2.0/lib/gcc/x86_64-unknown-linux-gnu/5.2.0/crtbegin.o -L/opt/apps/gcc/5.2.0/lib/gcc/x86_64-unknown-linux-gnu/5.2.0 -L/opt/apps/gcc/5.2.0/lib/gcc/x86_64-unknown-linux-gnu/5.2.0/../../../../lib64 -L/lib/../lib64 -L/usr/lib/../lib64 -L/opt/apps/gcc/5.2.0/lib/gcc/x86_64-unknown-linux-gnu/5.2.0/../../.. CMakeFiles/cmTC_cd376.dir/CMakeCXXCompilerABI.cpp.o -lstdc++ -lm -lgomp -lgcc_s -lgcc -lpthread -lc -lgcc_s -lgcc /opt/apps/gcc/5.2.0/lib/gcc/x86_64-unknown-linux-gnu/5.2.0/crtend.o /lib/../lib64/crtn.o
gmake[1]: Leaving directory `/home/akumar1/newriver/reduced_scaling/fvno/CMakeFiles/CMakeTmp'


Parsed CXX implicit link information from above output:
  link line regex: [^( *|.*[/\])(ld|([^/\]+-)?ld|collect2)[^/\]*( |$)]
  ignore line: [Change Dir: /home/akumar1/newriver/reduced_scaling/fvno/CMakeFiles/CMakeTmp]
  ignore line: []
  ignore line: [Run Build Command:"/usr/bin/gmake" "cmTC_cd376/fast"]
  ignore line: [/usr/bin/gmake -f CMakeFiles/cmTC_cd376.dir/build.make CMakeFiles/cmTC_cd376.dir/build]
  ignore line: [gmake[1]: Entering directory `/home/akumar1/newriver/reduced_scaling/fvno/CMakeFiles/CMakeTmp']
  ignore line: [Building CXX object CMakeFiles/cmTC_cd376.dir/CMakeCXXCompilerABI.cpp.o]
  ignore line: [/opt/apps/gcc/5.2.0/bin/g++     -march=native -fopenmp    -o CMakeFiles/cmTC_cd376.dir/CMakeCXXCompilerABI.cpp.o -c /opt/apps/cmake/3.7.2/share/cmake-3.7/Modules/CMakeCXXCompilerABI.cpp]
  ignore line: [Linking CXX executable cmTC_cd376]
  ignore line: [/opt/apps/cmake/3.7.2/bin/cmake -E cmake_link_script CMakeFiles/cmTC_cd376.dir/link.txt --verbose=1]
  ignore line: [/opt/apps/gcc/5.2.0/bin/g++    -march=native -fopenmp    -v CMakeFiles/cmTC_cd376.dir/CMakeCXXCompilerABI.cpp.o  -o cmTC_cd376 -rdynamic  ]
  ignore line: [Using built-in specs.]
  ignore line: [COLLECT_GCC=/opt/apps/gcc/5.2.0/bin/g++]
  ignore line: [COLLECT_LTO_WRAPPER=/opt/apps/gcc/5.2.0/libexec/gcc/x86_64-unknown-linux-gnu/5.2.0/lto-wrapper]
  ignore line: [Target: x86_64-unknown-linux-gnu]
  ignore line: [Configured with: ./../configure --prefix=/opt/apps/gcc/5.2.0 --enable-bootstrap --enable-checking=release --enable-__cxa_atexit --enable-languages=c,c++,fortran,go --enable-shared --with-system-zlib --disable-multilib --with-arch=haswell --with-fpmath=avx --with-mtune=haswell]
  ignore line: [Thread model: posix]
  ignore line: [gcc version 5.2.0 (GCC) ]
  ignore line: [COMPILER_PATH=/opt/apps/gcc/5.2.0/libexec/gcc/x86_64-unknown-linux-gnu/5.2.0/:/opt/apps/gcc/5.2.0/libexec/gcc/x86_64-unknown-linux-gnu/5.2.0/:/opt/apps/gcc/5.2.0/libexec/gcc/x86_64-unknown-linux-gnu/:/opt/apps/gcc/5.2.0/lib/gcc/x86_64-unknown-linux-gnu/5.2.0/:/opt/apps/gcc/5.2.0/lib/gcc/x86_64-unknown-linux-gnu/]
  ignore line: [LIBRARY_PATH=/opt/apps/gcc/5.2.0/lib/gcc/x86_64-unknown-linux-gnu/5.2.0/:/opt/apps/gcc/5.2.0/lib/gcc/x86_64-unknown-linux-gnu/5.2.0/../../../../lib64/:/lib/../lib64/:/usr/lib/../lib64/:/opt/apps/gcc/5.2.0/lib/gcc/x86_64-unknown-linux-gnu/5.2.0/../../../:/lib/:/usr/lib/]
  ignore line: [Reading specs from /opt/apps/gcc/5.2.0/lib/gcc/x86_64-unknown-linux-gnu/5.2.0/../../../../lib64/libgomp.spec]
  ignore line: [COLLECT_GCC_OPTIONS='-march=native' '-fopenmp' '-v' '-o' 'cmTC_cd376' '-rdynamic' '-shared-libgcc' '-pthread']
  link line: [ /opt/apps/gcc/5.2.0/libexec/gcc/x86_64-unknown-linux-gnu/5.2.0/collect2 -plugin /opt/apps/gcc/5.2.0/libexec/gcc/x86_64-unknown-linux-gnu/5.2.0/liblto_plugin.so -plugin-opt=/opt/apps/gcc/5.2.0/libexec/gcc/x86_64-unknown-linux-gnu/5.2.0/lto-wrapper -plugin-opt=-fresolution=/tmp/ccTdDf10.res -plugin-opt=-pass-through=-lgcc_s -plugin-opt=-pass-through=-lgcc -plugin-opt=-pass-through=-lpthread -plugin-opt=-pass-through=-lc -plugin-opt=-pass-through=-lgcc_s -plugin-opt=-pass-through=-lgcc --eh-frame-hdr -m elf_x86_64 -export-dynamic -dynamic-linker /lib64/ld-linux-x86-64.so.2 -o cmTC_cd376 /lib/../lib64/crt1.o /lib/../lib64/crti.o /opt/apps/gcc/5.2.0/lib/gcc/x86_64-unknown-linux-gnu/5.2.0/crtbegin.o -L/opt/apps/gcc/5.2.0/lib/gcc/x86_64-unknown-linux-gnu/5.2.0 -L/opt/apps/gcc/5.2.0/lib/gcc/x86_64-unknown-linux-gnu/5.2.0/../../../../lib64 -L/lib/../lib64 -L/usr/lib/../lib64 -L/opt/apps/gcc/5.2.0/lib/gcc/x86_64-unknown-linux-gnu/5.2.0/../../.. CMakeFiles/cmTC_cd376.dir/CMakeCXXCompilerABI.cpp.o -lstdc++ -lm -lgomp -lgcc_s -lgcc -lpthread -lc -lgcc_s -lgcc /opt/apps/gcc/5.2.0/lib/gcc/x86_64-unknown-linux-gnu/5.2.0/crtend.o /lib/../lib64/crtn.o]
    arg [/opt/apps/gcc/5.2.0/libexec/gcc/x86_64-unknown-linux-gnu/5.2.0/collect2] ==> ignore
    arg [-plugin] ==> ignore
    arg [/opt/apps/gcc/5.2.0/libexec/gcc/x86_64-unknown-linux-gnu/5.2.0/liblto_plugin.so] ==> ignore
    arg [-plugin-opt=/opt/apps/gcc/5.2.0/libexec/gcc/x86_64-unknown-linux-gnu/5.2.0/lto-wrapper] ==> ignore
    arg [-plugin-opt=-fresolution=/tmp/ccTdDf10.res] ==> ignore
    arg [-plugin-opt=-pass-through=-lgcc_s] ==> ignore
    arg [-plugin-opt=-pass-through=-lgcc] ==> ignore
    arg [-plugin-opt=-pass-through=-lpthread] ==> ignore
    arg [-plugin-opt=-pass-through=-lc] ==> ignore
    arg [-plugin-opt=-pass-through=-lgcc_s] ==> ignore
    arg [-plugin-opt=-pass-through=-lgcc] ==> ignore
    arg [--eh-frame-hdr] ==> ignore
    arg [-m] ==> ignore
    arg [elf_x86_64] ==> ignore
    arg [-export-dynamic] ==> ignore
    arg [-dynamic-linker] ==> ignore
    arg [/lib64/ld-linux-x86-64.so.2] ==> ignore
    arg [-o] ==> ignore
    arg [cmTC_cd376] ==> ignore
    arg [/lib/../lib64/crt1.o] ==> ignore
    arg [/lib/../lib64/crti.o] ==> ignore
    arg [/opt/apps/gcc/5.2.0/lib/gcc/x86_64-unknown-linux-gnu/5.2.0/crtbegin.o] ==> ignore
    arg [-L/opt/apps/gcc/5.2.0/lib/gcc/x86_64-unknown-linux-gnu/5.2.0] ==> dir [/opt/apps/gcc/5.2.0/lib/gcc/x86_64-unknown-linux-gnu/5.2.0]
    arg [-L/opt/apps/gcc/5.2.0/lib/gcc/x86_64-unknown-linux-gnu/5.2.0/../../../../lib64] ==> dir [/opt/apps/gcc/5.2.0/lib/gcc/x86_64-unknown-linux-gnu/5.2.0/../../../../lib64]
    arg [-L/lib/../lib64] ==> dir [/lib/../lib64]
    arg [-L/usr/lib/../lib64] ==> dir [/usr/lib/../lib64]
    arg [-L/opt/apps/gcc/5.2.0/lib/gcc/x86_64-unknown-linux-gnu/5.2.0/../../..] ==> dir [/opt/apps/gcc/5.2.0/lib/gcc/x86_64-unknown-linux-gnu/5.2.0/../../..]
    arg [CMakeFiles/cmTC_cd376.dir/CMakeCXXCompilerABI.cpp.o] ==> ignore
    arg [-lstdc++] ==> lib [stdc++]
    arg [-lm] ==> lib [m]
    arg [-lgomp] ==> lib [gomp]
    arg [-lgcc_s] ==> lib [gcc_s]
    arg [-lgcc] ==> lib [gcc]
    arg [-lpthread] ==> lib [pthread]
    arg [-lc] ==> lib [c]
    arg [-lgcc_s] ==> lib [gcc_s]
    arg [-lgcc] ==> lib [gcc]
    arg [/opt/apps/gcc/5.2.0/lib/gcc/x86_64-unknown-linux-gnu/5.2.0/crtend.o] ==> ignore
    arg [/lib/../lib64/crtn.o] ==> ignore
  remove lib [gcc_s]
  remove lib [gcc]
  remove lib [gcc_s]
  remove lib [gcc]
  collapse library dir [/opt/apps/gcc/5.2.0/lib/gcc/x86_64-unknown-linux-gnu/5.2.0] ==> [/opt/apps/gcc/5.2.0/lib/gcc/x86_64-unknown-linux-gnu/5.2.0]
  collapse library dir [/opt/apps/gcc/5.2.0/lib/gcc/x86_64-unknown-linux-gnu/5.2.0/../../../../lib64] ==> [/opt/apps/gcc/5.2.0/lib64]
  collapse library dir [/lib/../lib64] ==> [/lib64]
  collapse library dir [/usr/lib/../lib64] ==> [/usr/lib64]
  collapse library dir [/opt/apps/gcc/5.2.0/lib/gcc/x86_64-unknown-linux-gnu/5.2.0/../../..] ==> [/opt/apps/gcc/5.2.0/lib]
  implicit libs: [stdc++;m;gomp;pthread;c]
  implicit dirs: [/opt/apps/gcc/5.2.0/lib/gcc/x86_64-unknown-linux-gnu/5.2.0;/opt/apps/gcc/5.2.0/lib64;/lib64;/usr/lib64;/opt/apps/gcc/5.2.0/lib]
  implicit fwks: []




Detecting CXX [-std=c++14] compiler features compiled with the following output:
Change Dir: /home/akumar1/newriver/reduced_scaling/fvno/CMakeFiles/CMakeTmp

Run Build Command:"/usr/bin/gmake" "cmTC_4e3df/fast"
/usr/bin/gmake -f CMakeFiles/cmTC_4e3df.dir/build.make CMakeFiles/cmTC_4e3df.dir/build
gmake[1]: Entering directory `/home/akumar1/newriver/reduced_scaling/fvno/CMakeFiles/CMakeTmp'
Building CXX object CMakeFiles/cmTC_4e3df.dir/feature_tests.cxx.o
/opt/apps/gcc/5.2.0/bin/g++     -march=native -fopenmp    -std=c++14 -o CMakeFiles/cmTC_4e3df.dir/feature_tests.cxx.o -c /home/akumar1/newriver/reduced_scaling/fvno/CMakeFiles/feature_tests.cxx
Linking CXX executable cmTC_4e3df
/opt/apps/cmake/3.7.2/bin/cmake -E cmake_link_script CMakeFiles/cmTC_4e3df.dir/link.txt --verbose=1
/opt/apps/gcc/5.2.0/bin/g++    -march=native -fopenmp     CMakeFiles/cmTC_4e3df.dir/feature_tests.cxx.o  -o cmTC_4e3df -rdynamic 
gmake[1]: Leaving directory `/home/akumar1/newriver/reduced_scaling/fvno/CMakeFiles/CMakeTmp'


    Feature record: CXX_FEATURE:1cxx_aggregate_default_initializers
    Feature record: CXX_FEATURE:1cxx_alias_templates
    Feature record: CXX_FEATURE:1cxx_alignas
    Feature record: CXX_FEATURE:1cxx_alignof
    Feature record: CXX_FEATURE:1cxx_attributes
    Feature record: CXX_FEATURE:1cxx_attribute_deprecated
    Feature record: CXX_FEATURE:1cxx_auto_type
    Feature record: CXX_FEATURE:1cxx_binary_literals
    Feature record: CXX_FEATURE:1cxx_constexpr
    Feature record: CXX_FEATURE:1cxx_contextual_conversions
    Feature record: CXX_FEATURE:1cxx_decltype
    Feature record: CXX_FEATURE:1cxx_decltype_auto
    Feature record: CXX_FEATURE:1cxx_decltype_incomplete_return_types
    Feature record: CXX_FEATURE:1cxx_default_function_template_args
    Feature record: CXX_FEATURE:1cxx_defaulted_functions
    Feature record: CXX_FEATURE:1cxx_defaulted_move_initializers
    Feature record: CXX_FEATURE:1cxx_delegating_constructors
    Feature record: CXX_FEATURE:1cxx_deleted_functions
    Feature record: CXX_FEATURE:1cxx_digit_separators
    Feature record: CXX_FEATURE:1cxx_enum_forward_declarations
    Feature record: CXX_FEATURE:1cxx_explicit_conversions
    Feature record: CXX_FEATURE:1cxx_extended_friend_declarations
    Feature record: CXX_FEATURE:1cxx_extern_templates
    Feature record: CXX_FEATURE:1cxx_final
    Feature record: CXX_FEATURE:1cxx_func_identifier
    Feature record: CXX_FEATURE:1cxx_generalized_initializers
    Feature record: CXX_FEATURE:1cxx_generic_lambdas
    Feature record: CXX_FEATURE:1cxx_inheriting_constructors
    Feature record: CXX_FEATURE:1cxx_inline_namespaces
    Feature record: CXX_FEATURE:1cxx_lambdas
    Feature record: CXX_FEATURE:1cxx_lambda_init_captures
    Feature record: CXX_FEATURE:1cxx_local_type_template_args
    Feature record: CXX_FEATURE:1cxx_long_long_type
    Feature record: CXX_FEATURE:1cxx_noexcept
    Feature record: CXX_FEATURE:1cxx_nonstatic_member_init
    Feature record: CXX_FEATURE:1cxx_nullptr
    Feature record: CXX_FEATURE:1cxx_override
    Feature record: CXX_FEATURE:1cxx_range_for
    Feature record: CXX_FEATURE:1cxx_raw_string_literals
    Feature record: CXX_FEATURE:1cxx_reference_qualified_functions
    Feature record: CXX_FEATURE:1cxx_relaxed_constexpr
    Feature record: CXX_FEATURE:1cxx_return_type_deduction
    Feature record: CXX_FEATURE:1cxx_right_angle_brackets
    Feature record: CXX_FEATURE:1cxx_rvalue_references
    Feature record: CXX_FEATURE:1cxx_sizeof_member
    Feature record: CXX_FEATURE:1cxx_static_assert
    Feature record: CXX_FEATURE:1cxx_strong_enums
    Feature record: CXX_FEATURE:1cxx_template_template_parameters
    Feature record: CXX_FEATURE:1cxx_thread_local
    Feature record: CXX_FEATURE:1cxx_trailing_return_types
    Feature record: CXX_FEATURE:1cxx_unicode_literals
    Feature record: CXX_FEATURE:1cxx_uniform_initialization
    Feature record: CXX_FEATURE:1cxx_unrestricted_unions
    Feature record: CXX_FEATURE:1cxx_user_literals
    Feature record: CXX_FEATURE:1cxx_variable_templates
    Feature record: CXX_FEATURE:1cxx_variadic_macros
    Feature record: CXX_FEATURE:1cxx_variadic_templates


Detecting CXX [-std=c++11] compiler features compiled with the following output:
Change Dir: /home/akumar1/newriver/reduced_scaling/fvno/CMakeFiles/CMakeTmp

Run Build Command:"/usr/bin/gmake" "cmTC_94c78/fast"
/usr/bin/gmake -f CMakeFiles/cmTC_94c78.dir/build.make CMakeFiles/cmTC_94c78.dir/build
gmake[1]: Entering directory `/home/akumar1/newriver/reduced_scaling/fvno/CMakeFiles/CMakeTmp'
Building CXX object CMakeFiles/cmTC_94c78.dir/feature_tests.cxx.o
/opt/apps/gcc/5.2.0/bin/g++     -march=native -fopenmp    -std=c++11 -o CMakeFiles/cmTC_94c78.dir/feature_tests.cxx.o -c /home/akumar1/newriver/reduced_scaling/fvno/CMakeFiles/feature_tests.cxx
Linking CXX executable cmTC_94c78
/opt/apps/cmake/3.7.2/bin/cmake -E cmake_link_script CMakeFiles/cmTC_94c78.dir/link.txt --verbose=1
/opt/apps/gcc/5.2.0/bin/g++    -march=native -fopenmp     CMakeFiles/cmTC_94c78.dir/feature_tests.cxx.o  -o cmTC_94c78 -rdynamic 
gmake[1]: Leaving directory `/home/akumar1/newriver/reduced_scaling/fvno/CMakeFiles/CMakeTmp'


    Feature record: CXX_FEATURE:0cxx_aggregate_default_initializers
    Feature record: CXX_FEATURE:1cxx_alias_templates
    Feature record: CXX_FEATURE:1cxx_alignas
    Feature record: CXX_FEATURE:1cxx_alignof
    Feature record: CXX_FEATURE:1cxx_attributes
    Feature record: CXX_FEATURE:0cxx_attribute_deprecated
    Feature record: CXX_FEATURE:1cxx_auto_type
    Feature record: CXX_FEATURE:0cxx_binary_literals
    Feature record: CXX_FEATURE:1cxx_constexpr
    Feature record: CXX_FEATURE:0cxx_contextual_conversions
    Feature record: CXX_FEATURE:1cxx_decltype
    Feature record: CXX_FEATURE:0cxx_decltype_auto
    Feature record: CXX_FEATURE:1cxx_decltype_incomplete_return_types
    Feature record: CXX_FEATURE:1cxx_default_function_template_args
    Feature record: CXX_FEATURE:1cxx_defaulted_functions
    Feature record: CXX_FEATURE:1cxx_defaulted_move_initializers
    Feature record: CXX_FEATURE:1cxx_delegating_constructors
    Feature record: CXX_FEATURE:1cxx_deleted_functions
    Feature record: CXX_FEATURE:0cxx_digit_separators
    Feature record: CXX_FEATURE:1cxx_enum_forward_declarations
    Feature record: CXX_FEATURE:1cxx_explicit_conversions
    Feature record: CXX_FEATURE:1cxx_extended_friend_declarations
    Feature record: CXX_FEATURE:1cxx_extern_templates
    Feature record: CXX_FEATURE:1cxx_final
    Feature record: CXX_FEATURE:1cxx_func_identifier
    Feature record: CXX_FEATURE:1cxx_generalized_initializers
    Feature record: CXX_FEATURE:0cxx_generic_lambdas
    Feature record: CXX_FEATURE:1cxx_inheriting_constructors
    Feature record: CXX_FEATURE:1cxx_inline_namespaces
    Feature record: CXX_FEATURE:1cxx_lambdas
    Feature record: CXX_FEATURE:0cxx_lambda_init_captures
    Feature record: CXX_FEATURE:1cxx_local_type_template_args
    Feature record: CXX_FEATURE:1cxx_long_long_type
    Feature record: CXX_FEATURE:1cxx_noexcept
    Feature record: CXX_FEATURE:1cxx_nonstatic_member_init
    Feature record: CXX_FEATURE:1cxx_nullptr
    Feature record: CXX_FEATURE:1cxx_override
    Feature record: CXX_FEATURE:1cxx_range_for
    Feature record: CXX_FEATURE:1cxx_raw_string_literals
    Feature record: CXX_FEATURE:1cxx_reference_qualified_functions
    Feature record: CXX_FEATURE:0cxx_relaxed_constexpr
    Feature record: CXX_FEATURE:0cxx_return_type_deduction
    Feature record: CXX_FEATURE:1cxx_right_angle_brackets
    Feature record: CXX_FEATURE:1cxx_rvalue_references
    Feature record: CXX_FEATURE:1cxx_sizeof_member
    Feature record: CXX_FEATURE:1cxx_static_assert
    Feature record: CXX_FEATURE:1cxx_strong_enums
    Feature record: CXX_FEATURE:1cxx_template_template_parameters
    Feature record: CXX_FEATURE:1cxx_thread_local
    Feature record: CXX_FEATURE:1cxx_trailing_return_types
    Feature record: CXX_FEATURE:1cxx_unicode_literals
    Feature record: CXX_FEATURE:1cxx_uniform_initialization
    Feature record: CXX_FEATURE:1cxx_unrestricted_unions
    Feature record: CXX_FEATURE:1cxx_user_literals
    Feature record: CXX_FEATURE:0cxx_variable_templates
    Feature record: CXX_FEATURE:1cxx_variadic_macros
    Feature record: CXX_FEATURE:1cxx_variadic_templates


Detecting CXX [-std=c++98] compiler features compiled with the following output:
Change Dir: /home/akumar1/newriver/reduced_scaling/fvno/CMakeFiles/CMakeTmp

Run Build Command:"/usr/bin/gmake" "cmTC_07dd4/fast"
/usr/bin/gmake -f CMakeFiles/cmTC_07dd4.dir/build.make CMakeFiles/cmTC_07dd4.dir/build
gmake[1]: Entering directory `/home/akumar1/newriver/reduced_scaling/fvno/CMakeFiles/CMakeTmp'
Building CXX object CMakeFiles/cmTC_07dd4.dir/feature_tests.cxx.o
/opt/apps/gcc/5.2.0/bin/g++     -march=native -fopenmp    -std=c++98 -o CMakeFiles/cmTC_07dd4.dir/feature_tests.cxx.o -c /home/akumar1/newriver/reduced_scaling/fvno/CMakeFiles/feature_tests.cxx
Linking CXX executable cmTC_07dd4
/opt/apps/cmake/3.7.2/bin/cmake -E cmake_link_script CMakeFiles/cmTC_07dd4.dir/link.txt --verbose=1
/opt/apps/gcc/5.2.0/bin/g++    -march=native -fopenmp     CMakeFiles/cmTC_07dd4.dir/feature_tests.cxx.o  -o cmTC_07dd4 -rdynamic 
gmake[1]: Leaving directory `/home/akumar1/newriver/reduced_scaling/fvno/CMakeFiles/CMakeTmp'


    Feature record: CXX_FEATURE:0cxx_aggregate_default_initializers
    Feature record: CXX_FEATURE:0cxx_alias_templates
    Feature record: CXX_FEATURE:0cxx_alignas
    Feature record: CXX_FEATURE:0cxx_alignof
    Feature record: CXX_FEATURE:0cxx_attributes
    Feature record: CXX_FEATURE:0cxx_attribute_deprecated
    Feature record: CXX_FEATURE:0cxx_auto_type
    Feature record: CXX_FEATURE:0cxx_binary_literals
    Feature record: CXX_FEATURE:0cxx_constexpr
    Feature record: CXX_FEATURE:0cxx_contextual_conversions
    Feature record: CXX_FEATURE:0cxx_decltype
    Feature record: CXX_FEATURE:0cxx_decltype_auto
    Feature record: CXX_FEATURE:0cxx_decltype_incomplete_return_types
    Feature record: CXX_FEATURE:0cxx_default_function_template_args
    Feature record: CXX_FEATURE:0cxx_defaulted_functions
    Feature record: CXX_FEATURE:0cxx_defaulted_move_initializers
    Feature record: CXX_FEATURE:0cxx_delegating_constructors
    Feature record: CXX_FEATURE:0cxx_deleted_functions
    Feature record: CXX_FEATURE:0cxx_digit_separators
    Feature record: CXX_FEATURE:0cxx_enum_forward_declarations
    Feature record: CXX_FEATURE:0cxx_explicit_conversions
    Feature record: CXX_FEATURE:0cxx_extended_friend_declarations
    Feature record: CXX_FEATURE:0cxx_extern_templates
    Feature record: CXX_FEATURE:0cxx_final
    Feature record: CXX_FEATURE:0cxx_func_identifier
    Feature record: CXX_FEATURE:0cxx_generalized_initializers
    Feature record: CXX_FEATURE:0cxx_generic_lambdas
    Feature record: CXX_FEATURE:0cxx_inheriting_constructors
    Feature record: CXX_FEATURE:0cxx_inline_namespaces
    Feature record: CXX_FEATURE:0cxx_lambdas
    Feature record: CXX_FEATURE:0cxx_lambda_init_captures
    Feature record: CXX_FEATURE:0cxx_local_type_template_args
    Feature record: CXX_FEATURE:0cxx_long_long_type
    Feature record: CXX_FEATURE:0cxx_noexcept
    Feature record: CXX_FEATURE:0cxx_nonstatic_member_init
    Feature record: CXX_FEATURE:0cxx_nullptr
    Feature record: CXX_FEATURE:0cxx_override
    Feature record: CXX_FEATURE:0cxx_range_for
    Feature record: CXX_FEATURE:0cxx_raw_string_literals
    Feature record: CXX_FEATURE:0cxx_reference_qualified_functions
    Feature record: CXX_FEATURE:0cxx_relaxed_constexpr
    Feature record: CXX_FEATURE:0cxx_return_type_deduction
    Feature record: CXX_FEATURE:0cxx_right_angle_brackets
    Feature record: CXX_FEATURE:0cxx_rvalue_references
    Feature record: CXX_FEATURE:0cxx_sizeof_member
    Feature record: CXX_FEATURE:0cxx_static_assert
    Feature record: CXX_FEATURE:0cxx_strong_enums
    Feature record: CXX_FEATURE:1cxx_template_template_parameters
    Feature record: CXX_FEATURE:0cxx_thread_local
    Feature record: CXX_FEATURE:0cxx_trailing_return_types
    Feature record: CXX_FEATURE:0cxx_unicode_literals
    Feature record: CXX_FEATURE:0cxx_uniform_initialization
    Feature record: CXX_FEATURE:0cxx_unrestricted_unions
    Feature record: CXX_FEATURE:0cxx_user_literals
    Feature record: CXX_FEATURE:0cxx_variable_templates
    Feature record: CXX_FEATURE:0cxx_variadic_macros
    Feature record: CXX_FEATURE:0cxx_variadic_templates
